<?xml version="1.0" encoding="UTF-8"?>
<!-- Generated by org.testng.reporters.JUnitXMLReporter -->
<testsuite hostname="DIMPC" name="Default test" tests="5" failures="0" timestamp="26 Aug 2016 09:19:07 GMT" time="1.487" errors="0">
  <testcase name="deleteMarkTest" time="0.143" classname="lesson11.SqlMarkDaoTest"/>
  <testcase name="insertMarkTest" time="0.048" classname="lesson11.SqlMarkDaoTest"/>
  <testcase name="selectAllMarksTest" time="0.01" classname="lesson11.SqlMarkDaoTest"/>
  <testcase name="selectMarkTest" time="0.01" classname="lesson11.SqlMarkDaoTest"/>
  <testcase name="updateMarkTest" time="0.015" classname="lesson11.SqlMarkDaoTest"/>
</testsuite> <!-- Default test -->
